<?xml version="1.0" encoding="UTF-8"?>
<!-- Generated by org.testng.reporters.JUnitReportReporter -->
<testsuite hostname="DESKTOP-6GBQQCJ" failures="0" tests="2" name="SeleniumWithTestNGAssignment.OrgHRMTestingClass" time="62.000" errors="0" timestamp="2022-09-21T16:18:12 IST" skipped="0">
  <testcase classname="SeleniumWithTestNGAssignment.OrgHRMTestingClass" name="loginValidation" time="17.051"/>
  <system-out/>
  <testcase classname="SeleniumWithTestNGAssignment.OrgHRMTestingClass" name="DeleteEmployee" time="44.949"/>
  <system-out/>
</testsuite> <!-- SeleniumWithTestNGAssignment.OrgHRMTestingClass -->
