<?xml version="1.0" encoding="UTF-8"?>
<!-- Generated by org.testng.reporters.JUnitReportReporter -->
<testsuite hostname="DESKTOP-6GBQQCJ" failures="0" tests="1" name="TestNGPractical.Demostraion" time="10.056" errors="0" timestamp="2022-10-14T10:08:39 IST" skipped="0">
  <testcase classname="TestNGPractical.Demostraion" name="personalInformation" time="10.056"/>
  <system-out/>
</testsuite> <!-- TestNGPractical.Demostraion -->
