<?xml version="1.0" encoding="UTF-8"?>
<!-- Generated by org.testng.reporters.JUnitReportReporter -->
<testsuite hostname="DESKTOP-6GBQQCJ" failures="0" tests="1" name="TestNGPractical.HelloWorld" time="67.777" errors="0" timestamp="2022-09-09T20:04:12 IST" skipped="0">
  <testcase classname="TestNGPractical.HelloWorld" name="firstTestNGMethod" time="67.777"/>
  <system-out/>
</testsuite> <!-- TestNGPractical.HelloWorld -->
