<?xml version="1.0" encoding="UTF-8"?>
<!-- Generated by org.testng.reporters.JUnitReportReporter -->
<testsuite hostname="DESKTOP-6GBQQCJ" failures="0" tests="3" name="TestNGPractical.Annotation" time="0.249" errors="0" timestamp="2022-09-09T20:05:52 IST" skipped="0">
  <testcase classname="TestNGPractical.Annotation" name="method2" time="0.152"/>
  <system-out/>
  <testcase classname="TestNGPractical.Annotation" name="method3" time="0.044"/>
  <system-out/>
  <testcase classname="TestNGPractical.Annotation" name="method1" time="0.053"/>
  <system-out/>
</testsuite> <!-- TestNGPractical.Annotation -->
